<?xml version="1.0" encoding="UTF-8"?>
<coverage generated="1597126137946" clover="3.2.0">
  <project timestamp="1597126137946" name="All files">
    <metrics statements="7" coveredstatements="6" conditionals="2" coveredconditionals="1" methods="1" coveredmethods="1" elements="10" coveredelements="8" complexity="0" loc="7" ncloc="7" packages="1" files="1" classes="1"/>
    <file name="map.js" path="C:\Users\arrud\jest-in-practice\src\map.js">
      <metrics statements="7" coveredstatements="6" conditionals="2" coveredconditionals="1" methods="1" coveredmethods="1"/>
      <line num="2" count="1" type="stmt"/>
      <line num="3" count="6" type="cond" truecount="1" falsecount="1"/>
      <line num="4" count="0" type="stmt"/>
      <line num="6" count="6" type="stmt"/>
      <line num="7" count="6" type="stmt"/>
      <line num="8" count="12" type="stmt"/>
      <line num="10" count="6" type="stmt"/>
    </file>
  </project>
</coverage>
