{"C:\\Users\\arrud\\jest-in-practice\\src\\map.js": {"path":"C:\\Users\\arrud\\jest-in-practice\\src\\map.js","statementMap":{"0":{"start":{"line":2,"column":12},"end":{"line":8,"column":1}},"1":{"start":{"line":3,"column":17},"end":{"line":3,"column":19}},"2":{"start":{"line":4,"column":4},"end":{"line":6,"column":5}},"3":{"start":{"line":4,"column":16},"end":{"line":4,"column":17}},"4":{"start":{"line":5,"column":8},"end":{"line":5,"column":41}},"5":{"start":{"line":7,"column":4},"end":{"line":7,"column":17}}},"fnMap":{"0":{"name":"(anonymous_0)","decl":{"start":{"line":2,"column":12},"end":{"line":2,"column":13}},"loc":{"start":{"line":2,"column":27},"end":{"line":8,"column":1}},"line":2}},"branchMap":{},"s":{"0":1,"1":6,"2":6,"3":6,"4":12,"5":6},"f":{"0":6},"b":{},"_coverageSchema":"1a1c01bbd47fc00a2c39e90264f33305004495a9","hash":"728a4ad36c9c5db88ab61e5d6a2d46b8f0f4808a"}
}
